<?xml version="1.0" encoding="UTF-8"?>
<!-- Generated by org.testng.reporters.JUnitReportReporter -->
<testsuite hostname="DESKTOP-TL003KJ" failures="0" tests="1" name="ObjectRepository.OrganizationPage" time="0.011" errors="0" timestamp="2023-08-10T11:19:49 IST" skipped="0">
  <testcase classname="ObjectRepository.OrganizationPage" name="m1" time="0.011"/>
  <system-out/>
</testsuite> <!-- ObjectRepository.OrganizationPage -->
